{"uuid":"77cf97d7-26ea-4e7b-ad56-862feab24a7f","historyId":"7702c4ca4d06f2eed5c33c939d28dbf0","testCaseId":"[engine:junit-platform-suite]/[suite:top.testeru.SuiteTest]/[engine:junit-jupiter]/[class:top.testeru.member.AddMemberTest]/[method:editAdd()]","testCaseName":"editAdd()","fullName":"top.testeru.member.AddMemberTest.editAdd","labels":[{"name":"junit.platform.uniqueid","value":"[engine:junit-platform-suite]/[suite:top.testeru.SuiteTest]/[engine:junit-jupiter]/[class:top.testeru.member.AddMemberTest]/[method:editAdd()]"},{"name":"host","value":"192.168.18.6"},{"name":"thread","value":"58124@192.168.18.6.main(1)"},{"name":"framework","value":"junit-platform"},{"name":"language","value":"java"},{"name":"package","value":"top.testeru.member.AddMemberTest"},{"name":"testClass","value":"top.testeru.member.AddMemberTest"},{"name":"testMethod","value":"editAdd"},{"name":"suite","value":"top.testeru.member.AddMemberTest"}],"links":[],"name":"editAdd()","status":"passed","stage":"finished","description":"","steps":[{"name":"跳转到通讯录页面","status":"passed","stage":"finished","steps":[{"name":"元素定位：By.xpath: //*[@text=\"通讯录\"]","status":"passed","stage":"finished","steps":[],"attachments":[{"name":"By.xpath: //*[@text=\"通讯录\"]","source":"6af40f90-f65c-4a01-a83f-40390c1f46e2-attachment.png","type":"image/png"}],"parameters":[{"name":"by","value":"By.xpath: //*[@text=\"通讯录\"]"},{"name":"flag","value":"true"}],"start":1685236538678,"stop":1685236542018}],"attachments":[],"parameters":[],"start":1685236538674,"stop":1685236543556},{"name":"跳转到添加成员页面","status":"passed","stage":"finished","steps":[{"name":"元素定位：By.cssSelector: [text=\"添加成员\"]","status":"broken","statusDetails":{"known":false,"muted":false,"flaky":false,"message":"An element could not be located on the page using the given search parameters.\nFor documentation on this error, please visit: https://selenium.dev/exceptions/#no_such_element\nBuild info: version: '4.9.1', revision: 'eb2032df7f'\nSystem info: os.name: 'Mac OS X', os.arch: 'aarch64', os.version: '13.3.1', java.version: '11.0.18'\nDriver info: io.appium.java_client.android.AndroidDriver\nCommand: [da2896bd-438a-4f7f-9343-bd96e6f29722, findElement {using=css selector, value=[text=\"添加成员\"]}]\nCapabilities {appium:appActivity: .launch.LaunchSplashActivity, appium:appPackage: com.tencent.wework, appium:autoGrantPermissions: true, appium:automationName: UiAutomator2, appium:databaseEnabled: false, appium:desired: {appActivity: .launch.LaunchSplashActivity, appPackage: com.tencent.wework, autoGrantPermissions: true, automationName: UiAutomator2, deviceName: 8c5f5f92, newCommandTimeout: 300000, noReset: true, platformName: ANDROID, platformVersion: 13.0.0, printPageSourceOnFindFailure: true, udid: 8c5f5f92}, appium:deviceApiLevel: 33, appium:deviceManufacturer: Xiaomi, appium:deviceModel: M2012K11C, appium:deviceName: 8c5f5f92, appium:deviceScreenDensity: 440, appium:deviceScreenSize: 1080x2400, appium:deviceUDID: 8c5f5f92, appium:javascriptEnabled: true, appium:locationContextEnabled: false, appium:networkConnectionEnabled: true, appium:newCommandTimeout: 300000, appium:noReset: true, appium:pixelRatio: 2.75, appium:platformVersion: 13, appium:printPageSourceOnFindFailure: true, appium:statBarHeight: 80, appium:takesScreenshot: true, appium:udid: 8c5f5f92, appium:viewportRect: {height: 2196, left: 0, top: 80, width: 1080}, appium:warnings: {}, appium:webStorageEnabled: false, platformName: ANDROID}\nSession ID: da2896bd-438a-4f7f-9343-bd96e6f29722","trace":"org.openqa.selenium.NoSuchElementException: An element could not be located on the page using the given search parameters.\nFor documentation on this error, please visit: https://selenium.dev/exceptions/#no_such_element\nBuild info: version: '4.9.1', revision: 'eb2032df7f'\nSystem info: os.name: 'Mac OS X', os.arch: 'aarch64', os.version: '13.3.1', java.version: '11.0.18'\nDriver info: io.appium.java_client.android.AndroidDriver\nCommand: [da2896bd-438a-4f7f-9343-bd96e6f29722, findElement {using=css selector, value=[text=\"添加成员\"]}]\nCapabilities {appium:appActivity: .launch.LaunchSplashActivity, appium:appPackage: com.tencent.wework, appium:autoGrantPermissions: true, appium:automationName: UiAutomator2, appium:databaseEnabled: false, appium:desired: {appActivity: .launch.LaunchSplashActivity, appPackage: com.tencent.wework, autoGrantPermissions: true, automationName: UiAutomator2, deviceName: 8c5f5f92, newCommandTimeout: 300000, noReset: true, platformName: ANDROID, platformVersion: 13.0.0, printPageSourceOnFindFailure: true, udid: 8c5f5f92}, appium:deviceApiLevel: 33, appium:deviceManufacturer: Xiaomi, appium:deviceModel: M2012K11C, appium:deviceName: 8c5f5f92, appium:deviceScreenDensity: 440, appium:deviceScreenSize: 1080x2400, appium:deviceUDID: 8c5f5f92, appium:javascriptEnabled: true, appium:locationContextEnabled: false, appium:networkConnectionEnabled: true, appium:newCommandTimeout: 300000, appium:noReset: true, appium:pixelRatio: 2.75, appium:platformVersion: 13, appium:printPageSourceOnFindFailure: true, appium:statBarHeight: 80, appium:takesScreenshot: true, appium:udid: 8c5f5f92, appium:viewportRect: {height: 2196, left: 0, top: 80, width: 1080}, appium:warnings: {}, appium:webStorageEnabled: false, platformName: ANDROID}\nSession ID: da2896bd-438a-4f7f-9343-bd96e6f29722\n\tat java.base/jdk.internal.reflect.NativeConstructorAccessorImpl.newInstance0(Native Method)\n\tat java.base/jdk.internal.reflect.NativeConstructorAccessorImpl.newInstance(NativeConstructorAccessorImpl.java:62)\n\tat java.base/jdk.internal.reflect.DelegatingConstructorAccessorImpl.newInstance(DelegatingConstructorAccessorImpl.java:45)\n\tat java.base/java.lang.reflect.Constructor.newInstance(Constructor.java:490)\n\tat org.openqa.selenium.remote.codec.w3c.W3CHttpResponseCodec.createException(W3CHttpResponseCodec.java:200)\n\tat org.openqa.selenium.remote.codec.w3c.W3CHttpResponseCodec.decode(W3CHttpResponseCodec.java:133)\n\tat org.openqa.selenium.remote.codec.w3c.W3CHttpResponseCodec.decode(W3CHttpResponseCodec.java:53)\n\tat org.openqa.selenium.remote.HttpCommandExecutor.execute(HttpCommandExecutor.java:193)\n\tat io.appium.java_client.remote.AppiumCommandExecutor.execute(AppiumCommandExecutor.java:250)\n\tat org.openqa.selenium.remote.RemoteWebDriver.execute(RemoteWebDriver.java:543)\n\tat org.openqa.selenium.remote.ElementLocation$ElementFinder$2.findElement(ElementLocation.java:162)\n\tat org.openqa.selenium.remote.ElementLocation.findElement(ElementLocation.java:60)\n\tat org.openqa.selenium.remote.RemoteWebDriver.findElement(RemoteWebDriver.java:352)\n\tat org.openqa.selenium.remote.RemoteWebDriver.findElement(RemoteWebDriver.java:344)\n\tat top.testeru.page.AppBasePage.find(AppBasePage.java:104)\n\tat top.testeru.page.AppBasePage.find(AppBasePage.java:99)\n\tat top.testeru.page.ConcatPage.toAddMemberPage(ConcatPage.java:26)\n\tat top.testeru.member.AddMemberTest.be(AddMemberTest.java:30)\n\tat java.base/jdk.internal.reflect.NativeMethodAccessorImpl.invoke0(Native Method)\n\tat java.base/jdk.internal.reflect.NativeMethodAccessorImpl.invoke(NativeMethodAccessorImpl.java:62)\n\tat java.base/jdk.internal.reflect.DelegatingMethodAccessorImpl.invoke(DelegatingMethodAccessorImpl.java:43)\n\tat java.base/java.lang.reflect.Method.invoke(Method.java:566)\n\tat org.junit.platform.commons.util.ReflectionUtils.invokeMethod(ReflectionUtils.java:727)\n\tat org.junit.jupiter.engine.execution.MethodInvocation.proceed(MethodInvocation.java:60)\n\tat org.junit.jupiter.engine.execution.InvocationInterceptorChain$ValidatingInvocation.proceed(InvocationInterceptorChain.java:131)\n\tat org.junit.jupiter.engine.extension.TimeoutExtension.intercept(TimeoutExtension.java:156)\n\tat org.junit.jupiter.engine.extension.TimeoutExtension.interceptLifecycleMethod(TimeoutExtension.java:128)\n\tat org.junit.jupiter.engine.extension.TimeoutExtension.interceptBeforeEachMethod(TimeoutExtension.java:78)\n\tat org.junit.jupiter.engine.execution.InterceptingExecutableInvoker$ReflectiveInterceptorCall.lambda$ofVoidMethod$0(InterceptingExecutableInvoker.java:103)\n\tat org.junit.jupiter.engine.execution.InterceptingExecutableInvoker.lambda$invoke$0(InterceptingExecutableInvoker.java:93)\n\tat org.junit.jupiter.engine.execution.InvocationInterceptorChain$InterceptedInvocation.proceed(InvocationInterceptorChain.java:106)\n\tat org.junit.jupiter.engine.execution.InvocationInterceptorChain.proceed(InvocationInterceptorChain.java:64)\n\tat org.junit.jupiter.engine.execution.InvocationInterceptorChain.chainAndInvoke(InvocationInterceptorChain.java:45)\n\tat org.junit.jupiter.engine.execution.InvocationInterceptorChain.invoke(InvocationInterceptorChain.java:37)\n\tat org.junit.jupiter.engine.execution.InterceptingExecutableInvoker.invoke(InterceptingExecutableInvoker.java:92)\n\tat org.junit.jupiter.engine.execution.InterceptingExecutableInvoker.invoke(InterceptingExecutableInvoker.java:86)\n\tat org.junit.jupiter.engine.descriptor.ClassBasedTestDescriptor.invokeMethodInExtensionContext(ClassBasedTestDescriptor.java:520)\n\tat org.junit.jupiter.engine.descriptor.ClassBasedTestDescriptor.lambda$synthesizeBeforeEachMethodAdapter$23(ClassBasedTestDescriptor.java:505)\n\tat org.junit.jupiter.engine.descriptor.TestMethodTestDescriptor.lambda$invokeBeforeEachMethods$3(TestMethodTestDescriptor.java:174)\n\tat org.junit.jupiter.engine.descriptor.TestMethodTestDescriptor.lambda$invokeBeforeMethodsOrCallbacksUntilExceptionOccurs$6(TestMethodTestDescriptor.java:202)\n\tat org.junit.platform.engine.support.hierarchical.ThrowableCollector.execute(ThrowableCollector.java:73)\n\tat org.junit.jupiter.engine.descriptor.TestMethodTestDescriptor.invokeBeforeMethodsOrCallbacksUntilExceptionOccurs(TestMethodTestDescriptor.java:202)\n\tat org.junit.jupiter.engine.descriptor.TestMethodTestDescriptor.invokeBeforeEachMethods(TestMethodTestDescriptor.java:171)\n\tat org.junit.jupiter.engine.descriptor.TestMethodTestDescriptor.execute(TestMethodTestDescriptor.java:134)\n\tat org.junit.jupiter.engine.descriptor.TestMethodTestDescriptor.execute(TestMethodTestDescriptor.java:68)\n\tat org.junit.platform.engine.support.hierarchical.NodeTestTask.lambda$executeRecursively$6(NodeTestTask.java:151)\n\tat org.junit.platform.engine.support.hierarchical.ThrowableCollector.execute(ThrowableCollector.java:73)\n\tat org.junit.platform.engine.support.hierarchical.NodeTestTask.lambda$executeRecursively$8(NodeTestTask.java:141)\n\tat org.junit.platform.engine.support.hierarchical.Node.around(Node.java:137)\n\tat org.junit.platform.engine.support.hierarchical.NodeTestTask.lambda$executeRecursively$9(NodeTestTask.java:139)\n\tat org.junit.platform.engine.support.hierarchical.ThrowableCollector.execute(ThrowableCollector.java:73)\n\tat org.junit.platform.engine.support.hierarchical.NodeTestTask.executeRecursively(NodeTestTask.java:138)\n\tat org.junit.platform.engine.support.hierarchical.NodeTestTask.execute(NodeTestTask.java:95)\n\tat java.base/java.util.ArrayList.forEach(ArrayList.java:1541)\n\tat org.junit.platform.engine.support.hierarchical.SameThreadHierarchicalTestExecutorService.invokeAll(SameThreadHierarchicalTestExecutorService.java:41)\n\tat org.junit.platform.engine.support.hierarchical.NodeTestTask.lambda$executeRecursively$6(NodeTestTask.java:155)\n\tat org.junit.platform.engine.support.hierarchical.ThrowableCollector.execute(ThrowableCollector.java:73)\n\tat org.junit.platform.engine.support.hierarchical.NodeTestTask.lambda$executeRecursively$8(NodeTestTask.java:141)\n\tat org.junit.platform.engine.support.hierarchical.Node.around(Node.java:137)\n\tat org.junit.platform.engine.support.hierarchical.NodeTestTask.lambda$executeRecursively$9(NodeTestTask.java:139)\n\tat org.junit.platform.engine.support.hierarchical.ThrowableCollector.execute(ThrowableCollector.java:73)\n\tat org.junit.platform.engine.support.hierarchical.NodeTestTask.executeRecursively(NodeTestTask.java:138)\n\tat org.junit.platform.engine.support.hierarchical.NodeTestTask.execute(NodeTestTask.java:95)\n\tat java.base/java.util.ArrayList.forEach(ArrayList.java:1541)\n\tat org.junit.platform.engine.support.hierarchical.SameThreadHierarchicalTestExecutorService.invokeAll(SameThreadHierarchicalTestExecutorService.java:41)\n\tat org.junit.platform.engine.support.hierarchical.NodeTestTask.lambda$executeRecursively$6(NodeTestTask.java:155)\n\tat org.junit.platform.engine.support.hierarchical.ThrowableCollector.execute(ThrowableCollector.java:73)\n\tat org.junit.platform.engine.support.hierarchical.NodeTestTask.lambda$executeRecursively$8(NodeTestTask.java:141)\n\tat org.junit.platform.engine.support.hierarchical.Node.around(Node.java:137)\n\tat org.junit.platform.engine.support.hierarchical.NodeTestTask.lambda$executeRecursively$9(NodeTestTask.java:139)\n\tat org.junit.platform.engine.support.hierarchical.ThrowableCollector.execute(ThrowableCollector.java:73)\n\tat org.junit.platform.engine.support.hierarchical.NodeTestTask.executeRecursively(NodeTestTask.java:138)\n\tat org.junit.platform.engine.support.hierarchical.NodeTestTask.execute(NodeTestTask.java:95)\n\tat org.junit.platform.engine.support.hierarchical.SameThreadHierarchicalTestExecutorService.submit(SameThreadHierarchicalTestExecutorService.java:35)\n\tat org.junit.platform.engine.support.hierarchical.HierarchicalTestExecutor.execute(HierarchicalTestExecutor.java:57)\n\tat org.junit.platform.engine.support.hierarchical.HierarchicalTestEngine.execute(HierarchicalTestEngine.java:54)\n\tat org.junit.platform.launcher.core.EngineExecutionOrchestrator.execute(EngineExecutionOrchestrator.java:147)\n\tat org.junit.platform.launcher.core.EngineExecutionOrchestrator.execute(EngineExecutionOrchestrator.java:127)\n\tat org.junit.platform.launcher.core.EngineExecutionOrchestrator.execute(EngineExecutionOrchestrator.java:90)\n\tat org.junit.platform.launcher.core.EngineExecutionOrchestrator.execute(EngineExecutionOrchestrator.java:73)\n\tat org.junit.platform.suite.engine.SuiteLauncher.execute(SuiteLauncher.java:63)\n\tat org.junit.platform.suite.engine.SuiteTestDescriptor.execute(SuiteTestDescriptor.java:128)\n\tat org.junit.platform.suite.engine.SuiteTestEngine.lambda$execute$0(SuiteTestEngine.java:73)\n\tat java.base/java.util.stream.ForEachOps$ForEachOp$OfRef.accept(ForEachOps.java:183)\n\tat java.base/java.util.stream.ReferencePipeline$3$1.accept(ReferencePipeline.java:195)\n\tat java.base/java.util.Iterator.forEachRemaining(Iterator.java:133)\n\tat java.base/java.util.Spliterators$IteratorSpliterator.forEachRemaining(Spliterators.java:1801)\n\tat java.base/java.util.stream.AbstractPipeline.copyInto(AbstractPipeline.java:484)\n\tat java.base/java.util.stream.AbstractPipeline.wrapAndCopyInto(AbstractPipeline.java:474)\n\tat java.base/java.util.stream.ForEachOps$ForEachOp.evaluateSequential(ForEachOps.java:150)\n\tat java.base/java.util.stream.ForEachOps$ForEachOp$OfRef.evaluateSequential(ForEachOps.java:173)\n\tat java.base/java.util.stream.AbstractPipeline.evaluate(AbstractPipeline.java:234)\n\tat java.base/java.util.stream.ReferencePipeline.forEach(ReferencePipeline.java:497)\n\tat org.junit.platform.suite.engine.SuiteTestEngine.execute(SuiteTestEngine.java:73)\n\tat org.junit.platform.launcher.core.EngineExecutionOrchestrator.execute(EngineExecutionOrchestrator.java:147)\n\tat org.junit.platform.launcher.core.EngineExecutionOrchestrator.execute(EngineExecutionOrchestrator.java:127)\n\tat org.junit.platform.launcher.core.EngineExecutionOrchestrator.execute(EngineExecutionOrchestrator.java:90)\n\tat org.junit.platform.launcher.core.EngineExecutionOrchestrator.lambda$execute$0(EngineExecutionOrchestrator.java:55)\n\tat org.junit.platform.launcher.core.EngineExecutionOrchestrator.withInterceptedStreams(EngineExecutionOrchestrator.java:102)\n\tat org.junit.platform.launcher.core.EngineExecutionOrchestrator.execute(EngineExecutionOrchestrator.java:54)\n\tat org.junit.platform.launcher.core.DefaultLauncher.execute(DefaultLauncher.java:114)\n\tat org.junit.platform.launcher.core.DefaultLauncher.execute(DefaultLauncher.java:86)\n\tat org.junit.platform.launcher.core.DefaultLauncherSession$DelegatingLauncher.execute(DefaultLauncherSession.java:86)\n\tat org.apache.maven.surefire.junitplatform.LazyLauncher.execute(LazyLauncher.java:50)\n\tat org.apache.maven.surefire.junitplatform.JUnitPlatformProvider.execute(JUnitPlatformProvider.java:184)\n\tat org.apache.maven.surefire.junitplatform.JUnitPlatformProvider.invokeAllTests(JUnitPlatformProvider.java:148)\n\tat org.apache.maven.surefire.junitplatform.JUnitPlatformProvider.invoke(JUnitPlatformProvider.java:122)\n\tat org.apache.maven.surefire.booter.ForkedBooter.runSuitesInProcess(ForkedBooter.java:385)\n\tat org.apache.maven.surefire.booter.ForkedBooter.execute(ForkedBooter.java:162)\n\tat org.apache.maven.surefire.booter.ForkedBooter.run(ForkedBooter.java:507)\n\tat org.apache.maven.surefire.booter.ForkedBooter.main(ForkedBooter.java:495)\n"},"stage":"finished","steps":[],"attachments":[],"parameters":[{"name":"by","value":"By.cssSelector: [text=\"添加成员\"]"},{"name":"flag","value":"true"}],"start":1685236543556,"stop":1685236563746},{"name":"元素定位：By.cssSelector: [text=\"添加成员\"]","status":"broken","statusDetails":{"known":false,"muted":false,"flaky":false,"message":"An element could not be located on the page using the given search parameters.\nFor documentation on this error, please visit: https://selenium.dev/exceptions/#no_such_element\nBuild info: version: '4.9.1', revision: 'eb2032df7f'\nSystem info: os.name: 'Mac OS X', os.arch: 'aarch64', os.version: '13.3.1', java.version: '11.0.18'\nDriver info: io.appium.java_client.android.AndroidDriver\nCommand: [da2896bd-438a-4f7f-9343-bd96e6f29722, findElement {using=css selector, value=[text=\"添加成员\"]}]\nCapabilities {appium:appActivity: .launch.LaunchSplashActivity, appium:appPackage: com.tencent.wework, appium:autoGrantPermissions: true, appium:automationName: UiAutomator2, appium:databaseEnabled: false, appium:desired: {appActivity: .launch.LaunchSplashActivity, appPackage: com.tencent.wework, autoGrantPermissions: true, automationName: UiAutomator2, deviceName: 8c5f5f92, newCommandTimeout: 300000, noReset: true, platformName: ANDROID, platformVersion: 13.0.0, printPageSourceOnFindFailure: true, udid: 8c5f5f92}, appium:deviceApiLevel: 33, appium:deviceManufacturer: Xiaomi, appium:deviceModel: M2012K11C, appium:deviceName: 8c5f5f92, appium:deviceScreenDensity: 440, appium:deviceScreenSize: 1080x2400, appium:deviceUDID: 8c5f5f92, appium:javascriptEnabled: true, appium:locationContextEnabled: false, appium:networkConnectionEnabled: true, appium:newCommandTimeout: 300000, appium:noReset: true, appium:pixelRatio: 2.75, appium:platformVersion: 13, appium:printPageSourceOnFindFailure: true, appium:statBarHeight: 80, appium:takesScreenshot: true, appium:udid: 8c5f5f92, appium:viewportRect: {height: 2196, left: 0, top: 80, width: 1080}, appium:warnings: {}, appium:webStorageEnabled: false, platformName: ANDROID}\nSession ID: da2896bd-438a-4f7f-9343-bd96e6f29722","trace":"org.openqa.selenium.NoSuchElementException: An element could not be located on the page using the given search parameters.\nFor documentation on this error, please visit: https://selenium.dev/exceptions/#no_such_element\nBuild info: version: '4.9.1', revision: 'eb2032df7f'\nSystem info: os.name: 'Mac OS X', os.arch: 'aarch64', os.version: '13.3.1', java.version: '11.0.18'\nDriver info: io.appium.java_client.android.AndroidDriver\nCommand: [da2896bd-438a-4f7f-9343-bd96e6f29722, findElement {using=css selector, value=[text=\"添加成员\"]}]\nCapabilities {appium:appActivity: .launch.LaunchSplashActivity, appium:appPackage: com.tencent.wework, appium:autoGrantPermissions: true, appium:automationName: UiAutomator2, appium:databaseEnabled: false, appium:desired: {appActivity: .launch.LaunchSplashActivity, appPackage: com.tencent.wework, autoGrantPermissions: true, automationName: UiAutomator2, deviceName: 8c5f5f92, newCommandTimeout: 300000, noReset: true, platformName: ANDROID, platformVersion: 13.0.0, printPageSourceOnFindFailure: true, udid: 8c5f5f92}, appium:deviceApiLevel: 33, appium:deviceManufacturer: Xiaomi, appium:deviceModel: M2012K11C, appium:deviceName: 8c5f5f92, appium:deviceScreenDensity: 440, appium:deviceScreenSize: 1080x2400, appium:deviceUDID: 8c5f5f92, appium:javascriptEnabled: true, appium:locationContextEnabled: false, appium:networkConnectionEnabled: true, appium:newCommandTimeout: 300000, appium:noReset: true, appium:pixelRatio: 2.75, appium:platformVersion: 13, appium:printPageSourceOnFindFailure: true, appium:statBarHeight: 80, appium:takesScreenshot: true, appium:udid: 8c5f5f92, appium:viewportRect: {height: 2196, left: 0, top: 80, width: 1080}, appium:warnings: {}, appium:webStorageEnabled: false, platformName: ANDROID}\nSession ID: da2896bd-438a-4f7f-9343-bd96e6f29722\n\tat java.base/jdk.internal.reflect.NativeConstructorAccessorImpl.newInstance0(Native Method)\n\tat java.base/jdk.internal.reflect.NativeConstructorAccessorImpl.newInstance(NativeConstructorAccessorImpl.java:62)\n\tat java.base/jdk.internal.reflect.DelegatingConstructorAccessorImpl.newInstance(DelegatingConstructorAccessorImpl.java:45)\n\tat java.base/java.lang.reflect.Constructor.newInstance(Constructor.java:490)\n\tat org.openqa.selenium.remote.codec.w3c.W3CHttpResponseCodec.createException(W3CHttpResponseCodec.java:200)\n\tat org.openqa.selenium.remote.codec.w3c.W3CHttpResponseCodec.decode(W3CHttpResponseCodec.java:133)\n\tat org.openqa.selenium.remote.codec.w3c.W3CHttpResponseCodec.decode(W3CHttpResponseCodec.java:53)\n\tat org.openqa.selenium.remote.HttpCommandExecutor.execute(HttpCommandExecutor.java:193)\n\tat io.appium.java_client.remote.AppiumCommandExecutor.execute(AppiumCommandExecutor.java:250)\n\tat org.openqa.selenium.remote.RemoteWebDriver.execute(RemoteWebDriver.java:543)\n\tat org.openqa.selenium.remote.ElementLocation$ElementFinder$2.findElement(ElementLocation.java:162)\n\tat org.openqa.selenium.remote.ElementLocation.findElement(ElementLocation.java:60)\n\tat org.openqa.selenium.remote.RemoteWebDriver.findElement(RemoteWebDriver.java:352)\n\tat org.openqa.selenium.remote.RemoteWebDriver.findElement(RemoteWebDriver.java:344)\n\tat top.testeru.page.AppBasePage.find(AppBasePage.java:104)\n\tat top.testeru.page.AppBasePage.find(AppBasePage.java:99)\n\tat top.testeru.page.ConcatPage.toAddMemberPage(ConcatPage.java:26)\n\tat top.testeru.member.AddMemberTest.be(AddMemberTest.java:30)\n\tat java.base/jdk.internal.reflect.NativeMethodAccessorImpl.invoke0(Native Method)\n\tat java.base/jdk.internal.reflect.NativeMethodAccessorImpl.invoke(NativeMethodAccessorImpl.java:62)\n\tat java.base/jdk.internal.reflect.DelegatingMethodAccessorImpl.invoke(DelegatingMethodAccessorImpl.java:43)\n\tat java.base/java.lang.reflect.Method.invoke(Method.java:566)\n\tat org.junit.platform.commons.util.ReflectionUtils.invokeMethod(ReflectionUtils.java:727)\n\tat org.junit.jupiter.engine.execution.MethodInvocation.proceed(MethodInvocation.java:60)\n\tat org.junit.jupiter.engine.execution.InvocationInterceptorChain$ValidatingInvocation.proceed(InvocationInterceptorChain.java:131)\n\tat org.junit.jupiter.engine.extension.TimeoutExtension.intercept(TimeoutExtension.java:156)\n\tat org.junit.jupiter.engine.extension.TimeoutExtension.interceptLifecycleMethod(TimeoutExtension.java:128)\n\tat org.junit.jupiter.engine.extension.TimeoutExtension.interceptBeforeEachMethod(TimeoutExtension.java:78)\n\tat org.junit.jupiter.engine.execution.InterceptingExecutableInvoker$ReflectiveInterceptorCall.lambda$ofVoidMethod$0(InterceptingExecutableInvoker.java:103)\n\tat org.junit.jupiter.engine.execution.InterceptingExecutableInvoker.lambda$invoke$0(InterceptingExecutableInvoker.java:93)\n\tat org.junit.jupiter.engine.execution.InvocationInterceptorChain$InterceptedInvocation.proceed(InvocationInterceptorChain.java:106)\n\tat org.junit.jupiter.engine.execution.InvocationInterceptorChain.proceed(InvocationInterceptorChain.java:64)\n\tat org.junit.jupiter.engine.execution.InvocationInterceptorChain.chainAndInvoke(InvocationInterceptorChain.java:45)\n\tat org.junit.jupiter.engine.execution.InvocationInterceptorChain.invoke(InvocationInterceptorChain.java:37)\n\tat org.junit.jupiter.engine.execution.InterceptingExecutableInvoker.invoke(InterceptingExecutableInvoker.java:92)\n\tat org.junit.jupiter.engine.execution.InterceptingExecutableInvoker.invoke(InterceptingExecutableInvoker.java:86)\n\tat org.junit.jupiter.engine.descriptor.ClassBasedTestDescriptor.invokeMethodInExtensionContext(ClassBasedTestDescriptor.java:520)\n\tat org.junit.jupiter.engine.descriptor.ClassBasedTestDescriptor.lambda$synthesizeBeforeEachMethodAdapter$23(ClassBasedTestDescriptor.java:505)\n\tat org.junit.jupiter.engine.descriptor.TestMethodTestDescriptor.lambda$invokeBeforeEachMethods$3(TestMethodTestDescriptor.java:174)\n\tat org.junit.jupiter.engine.descriptor.TestMethodTestDescriptor.lambda$invokeBeforeMethodsOrCallbacksUntilExceptionOccurs$6(TestMethodTestDescriptor.java:202)\n\tat org.junit.platform.engine.support.hierarchical.ThrowableCollector.execute(ThrowableCollector.java:73)\n\tat org.junit.jupiter.engine.descriptor.TestMethodTestDescriptor.invokeBeforeMethodsOrCallbacksUntilExceptionOccurs(TestMethodTestDescriptor.java:202)\n\tat org.junit.jupiter.engine.descriptor.TestMethodTestDescriptor.invokeBeforeEachMethods(TestMethodTestDescriptor.java:171)\n\tat org.junit.jupiter.engine.descriptor.TestMethodTestDescriptor.execute(TestMethodTestDescriptor.java:134)\n\tat org.junit.jupiter.engine.descriptor.TestMethodTestDescriptor.execute(TestMethodTestDescriptor.java:68)\n\tat org.junit.platform.engine.support.hierarchical.NodeTestTask.lambda$executeRecursively$6(NodeTestTask.java:151)\n\tat org.junit.platform.engine.support.hierarchical.ThrowableCollector.execute(ThrowableCollector.java:73)\n\tat org.junit.platform.engine.support.hierarchical.NodeTestTask.lambda$executeRecursively$8(NodeTestTask.java:141)\n\tat org.junit.platform.engine.support.hierarchical.Node.around(Node.java:137)\n\tat org.junit.platform.engine.support.hierarchical.NodeTestTask.lambda$executeRecursively$9(NodeTestTask.java:139)\n\tat org.junit.platform.engine.support.hierarchical.ThrowableCollector.execute(ThrowableCollector.java:73)\n\tat org.junit.platform.engine.support.hierarchical.NodeTestTask.executeRecursively(NodeTestTask.java:138)\n\tat org.junit.platform.engine.support.hierarchical.NodeTestTask.execute(NodeTestTask.java:95)\n\tat java.base/java.util.ArrayList.forEach(ArrayList.java:1541)\n\tat org.junit.platform.engine.support.hierarchical.SameThreadHierarchicalTestExecutorService.invokeAll(SameThreadHierarchicalTestExecutorService.java:41)\n\tat org.junit.platform.engine.support.hierarchical.NodeTestTask.lambda$executeRecursively$6(NodeTestTask.java:155)\n\tat org.junit.platform.engine.support.hierarchical.ThrowableCollector.execute(ThrowableCollector.java:73)\n\tat org.junit.platform.engine.support.hierarchical.NodeTestTask.lambda$executeRecursively$8(NodeTestTask.java:141)\n\tat org.junit.platform.engine.support.hierarchical.Node.around(Node.java:137)\n\tat org.junit.platform.engine.support.hierarchical.NodeTestTask.lambda$executeRecursively$9(NodeTestTask.java:139)\n\tat org.junit.platform.engine.support.hierarchical.ThrowableCollector.execute(ThrowableCollector.java:73)\n\tat org.junit.platform.engine.support.hierarchical.NodeTestTask.executeRecursively(NodeTestTask.java:138)\n\tat org.junit.platform.engine.support.hierarchical.NodeTestTask.execute(NodeTestTask.java:95)\n\tat java.base/java.util.ArrayList.forEach(ArrayList.java:1541)\n\tat org.junit.platform.engine.support.hierarchical.SameThreadHierarchicalTestExecutorService.invokeAll(SameThreadHierarchicalTestExecutorService.java:41)\n\tat org.junit.platform.engine.support.hierarchical.NodeTestTask.lambda$executeRecursively$6(NodeTestTask.java:155)\n\tat org.junit.platform.engine.support.hierarchical.ThrowableCollector.execute(ThrowableCollector.java:73)\n\tat org.junit.platform.engine.support.hierarchical.NodeTestTask.lambda$executeRecursively$8(NodeTestTask.java:141)\n\tat org.junit.platform.engine.support.hierarchical.Node.around(Node.java:137)\n\tat org.junit.platform.engine.support.hierarchical.NodeTestTask.lambda$executeRecursively$9(NodeTestTask.java:139)\n\tat org.junit.platform.engine.support.hierarchical.ThrowableCollector.execute(ThrowableCollector.java:73)\n\tat org.junit.platform.engine.support.hierarchical.NodeTestTask.executeRecursively(NodeTestTask.java:138)\n\tat org.junit.platform.engine.support.hierarchical.NodeTestTask.execute(NodeTestTask.java:95)\n\tat org.junit.platform.engine.support.hierarchical.SameThreadHierarchicalTestExecutorService.submit(SameThreadHierarchicalTestExecutorService.java:35)\n\tat org.junit.platform.engine.support.hierarchical.HierarchicalTestExecutor.execute(HierarchicalTestExecutor.java:57)\n\tat org.junit.platform.engine.support.hierarchical.HierarchicalTestEngine.execute(HierarchicalTestEngine.java:54)\n\tat org.junit.platform.launcher.core.EngineExecutionOrchestrator.execute(EngineExecutionOrchestrator.java:147)\n\tat org.junit.platform.launcher.core.EngineExecutionOrchestrator.execute(EngineExecutionOrchestrator.java:127)\n\tat org.junit.platform.launcher.core.EngineExecutionOrchestrator.execute(EngineExecutionOrchestrator.java:90)\n\tat org.junit.platform.launcher.core.EngineExecutionOrchestrator.execute(EngineExecutionOrchestrator.java:73)\n\tat org.junit.platform.suite.engine.SuiteLauncher.execute(SuiteLauncher.java:63)\n\tat org.junit.platform.suite.engine.SuiteTestDescriptor.execute(SuiteTestDescriptor.java:128)\n\tat org.junit.platform.suite.engine.SuiteTestEngine.lambda$execute$0(SuiteTestEngine.java:73)\n\tat java.base/java.util.stream.ForEachOps$ForEachOp$OfRef.accept(ForEachOps.java:183)\n\tat java.base/java.util.stream.ReferencePipeline$3$1.accept(ReferencePipeline.java:195)\n\tat java.base/java.util.Iterator.forEachRemaining(Iterator.java:133)\n\tat java.base/java.util.Spliterators$IteratorSpliterator.forEachRemaining(Spliterators.java:1801)\n\tat java.base/java.util.stream.AbstractPipeline.copyInto(AbstractPipeline.java:484)\n\tat java.base/java.util.stream.AbstractPipeline.wrapAndCopyInto(AbstractPipeline.java:474)\n\tat java.base/java.util.stream.ForEachOps$ForEachOp.evaluateSequential(ForEachOps.java:150)\n\tat java.base/java.util.stream.ForEachOps$ForEachOp$OfRef.evaluateSequential(ForEachOps.java:173)\n\tat java.base/java.util.stream.AbstractPipeline.evaluate(AbstractPipeline.java:234)\n\tat java.base/java.util.stream.ReferencePipeline.forEach(ReferencePipeline.java:497)\n\tat org.junit.platform.suite.engine.SuiteTestEngine.execute(SuiteTestEngine.java:73)\n\tat org.junit.platform.launcher.core.EngineExecutionOrchestrator.execute(EngineExecutionOrchestrator.java:147)\n\tat org.junit.platform.launcher.core.EngineExecutionOrchestrator.execute(EngineExecutionOrchestrator.java:127)\n\tat org.junit.platform.launcher.core.EngineExecutionOrchestrator.execute(EngineExecutionOrchestrator.java:90)\n\tat org.junit.platform.launcher.core.EngineExecutionOrchestrator.lambda$execute$0(EngineExecutionOrchestrator.java:55)\n\tat org.junit.platform.launcher.core.EngineExecutionOrchestrator.withInterceptedStreams(EngineExecutionOrchestrator.java:102)\n\tat org.junit.platform.launcher.core.EngineExecutionOrchestrator.execute(EngineExecutionOrchestrator.java:54)\n\tat org.junit.platform.launcher.core.DefaultLauncher.execute(DefaultLauncher.java:114)\n\tat org.junit.platform.launcher.core.DefaultLauncher.execute(DefaultLauncher.java:86)\n\tat org.junit.platform.launcher.core.DefaultLauncherSession$DelegatingLauncher.execute(DefaultLauncherSession.java:86)\n\tat org.apache.maven.surefire.junitplatform.LazyLauncher.execute(LazyLauncher.java:50)\n\tat org.apache.maven.surefire.junitplatform.JUnitPlatformProvider.execute(JUnitPlatformProvider.java:184)\n\tat org.apache.maven.surefire.junitplatform.JUnitPlatformProvider.invokeAllTests(JUnitPlatformProvider.java:148)\n\tat org.apache.maven.surefire.junitplatform.JUnitPlatformProvider.invoke(JUnitPlatformProvider.java:122)\n\tat org.apache.maven.surefire.booter.ForkedBooter.runSuitesInProcess(ForkedBooter.java:385)\n\tat org.apache.maven.surefire.booter.ForkedBooter.execute(ForkedBooter.java:162)\n\tat org.apache.maven.surefire.booter.ForkedBooter.run(ForkedBooter.java:507)\n\tat org.apache.maven.surefire.booter.ForkedBooter.main(ForkedBooter.java:495)\n"},"stage":"finished","steps":[],"attachments":[],"parameters":[{"name":"by","value":"By.cssSelector: [text=\"添加成员\"]"},{"name":"flag","value":"true"}],"start":1685236564812,"stop":1685236584952},{"name":"元素定位：By.cssSelector: [text=\"添加成员\"]","status":"broken","statusDetails":{"known":false,"muted":false,"flaky":false,"message":"An element could not be located on the page using the given search parameters.\nFor documentation on this error, please visit: https://selenium.dev/exceptions/#no_such_element\nBuild info: version: '4.9.1', revision: 'eb2032df7f'\nSystem info: os.name: 'Mac OS X', os.arch: 'aarch64', os.version: '13.3.1', java.version: '11.0.18'\nDriver info: io.appium.java_client.android.AndroidDriver\nCommand: [da2896bd-438a-4f7f-9343-bd96e6f29722, findElement {using=css selector, value=[text=\"添加成员\"]}]\nCapabilities {appium:appActivity: .launch.LaunchSplashActivity, appium:appPackage: com.tencent.wework, appium:autoGrantPermissions: true, appium:automationName: UiAutomator2, appium:databaseEnabled: false, appium:desired: {appActivity: .launch.LaunchSplashActivity, appPackage: com.tencent.wework, autoGrantPermissions: true, automationName: UiAutomator2, deviceName: 8c5f5f92, newCommandTimeout: 300000, noReset: true, platformName: ANDROID, platformVersion: 13.0.0, printPageSourceOnFindFailure: true, udid: 8c5f5f92}, appium:deviceApiLevel: 33, appium:deviceManufacturer: Xiaomi, appium:deviceModel: M2012K11C, appium:deviceName: 8c5f5f92, appium:deviceScreenDensity: 440, appium:deviceScreenSize: 1080x2400, appium:deviceUDID: 8c5f5f92, appium:javascriptEnabled: true, appium:locationContextEnabled: false, appium:networkConnectionEnabled: true, appium:newCommandTimeout: 300000, appium:noReset: true, appium:pixelRatio: 2.75, appium:platformVersion: 13, appium:printPageSourceOnFindFailure: true, appium:statBarHeight: 80, appium:takesScreenshot: true, appium:udid: 8c5f5f92, appium:viewportRect: {height: 2196, left: 0, top: 80, width: 1080}, appium:warnings: {}, appium:webStorageEnabled: false, platformName: ANDROID}\nSession ID: da2896bd-438a-4f7f-9343-bd96e6f29722","trace":"org.openqa.selenium.NoSuchElementException: An element could not be located on the page using the given search parameters.\nFor documentation on this error, please visit: https://selenium.dev/exceptions/#no_such_element\nBuild info: version: '4.9.1', revision: 'eb2032df7f'\nSystem info: os.name: 'Mac OS X', os.arch: 'aarch64', os.version: '13.3.1', java.version: '11.0.18'\nDriver info: io.appium.java_client.android.AndroidDriver\nCommand: [da2896bd-438a-4f7f-9343-bd96e6f29722, findElement {using=css selector, value=[text=\"添加成员\"]}]\nCapabilities {appium:appActivity: .launch.LaunchSplashActivity, appium:appPackage: com.tencent.wework, appium:autoGrantPermissions: true, appium:automationName: UiAutomator2, appium:databaseEnabled: false, appium:desired: {appActivity: .launch.LaunchSplashActivity, appPackage: com.tencent.wework, autoGrantPermissions: true, automationName: UiAutomator2, deviceName: 8c5f5f92, newCommandTimeout: 300000, noReset: true, platformName: ANDROID, platformVersion: 13.0.0, printPageSourceOnFindFailure: true, udid: 8c5f5f92}, appium:deviceApiLevel: 33, appium:deviceManufacturer: Xiaomi, appium:deviceModel: M2012K11C, appium:deviceName: 8c5f5f92, appium:deviceScreenDensity: 440, appium:deviceScreenSize: 1080x2400, appium:deviceUDID: 8c5f5f92, appium:javascriptEnabled: true, appium:locationContextEnabled: false, appium:networkConnectionEnabled: true, appium:newCommandTimeout: 300000, appium:noReset: true, appium:pixelRatio: 2.75, appium:platformVersion: 13, appium:printPageSourceOnFindFailure: true, appium:statBarHeight: 80, appium:takesScreenshot: true, appium:udid: 8c5f5f92, appium:viewportRect: {height: 2196, left: 0, top: 80, width: 1080}, appium:warnings: {}, appium:webStorageEnabled: false, platformName: ANDROID}\nSession ID: da2896bd-438a-4f7f-9343-bd96e6f29722\n\tat java.base/jdk.internal.reflect.NativeConstructorAccessorImpl.newInstance0(Native Method)\n\tat java.base/jdk.internal.reflect.NativeConstructorAccessorImpl.newInstance(NativeConstructorAccessorImpl.java:62)\n\tat java.base/jdk.internal.reflect.DelegatingConstructorAccessorImpl.newInstance(DelegatingConstructorAccessorImpl.java:45)\n\tat java.base/java.lang.reflect.Constructor.newInstance(Constructor.java:490)\n\tat org.openqa.selenium.remote.codec.w3c.W3CHttpResponseCodec.createException(W3CHttpResponseCodec.java:200)\n\tat org.openqa.selenium.remote.codec.w3c.W3CHttpResponseCodec.decode(W3CHttpResponseCodec.java:133)\n\tat org.openqa.selenium.remote.codec.w3c.W3CHttpResponseCodec.decode(W3CHttpResponseCodec.java:53)\n\tat org.openqa.selenium.remote.HttpCommandExecutor.execute(HttpCommandExecutor.java:193)\n\tat io.appium.java_client.remote.AppiumCommandExecutor.execute(AppiumCommandExecutor.java:250)\n\tat org.openqa.selenium.remote.RemoteWebDriver.execute(RemoteWebDriver.java:543)\n\tat org.openqa.selenium.remote.ElementLocation$ElementFinder$2.findElement(ElementLocation.java:162)\n\tat org.openqa.selenium.remote.ElementLocation.findElement(ElementLocation.java:60)\n\tat org.openqa.selenium.remote.RemoteWebDriver.findElement(RemoteWebDriver.java:352)\n\tat org.openqa.selenium.remote.RemoteWebDriver.findElement(RemoteWebDriver.java:344)\n\tat top.testeru.page.AppBasePage.find(AppBasePage.java:104)\n\tat top.testeru.page.AppBasePage.find(AppBasePage.java:99)\n\tat top.testeru.page.ConcatPage.toAddMemberPage(ConcatPage.java:26)\n\tat top.testeru.member.AddMemberTest.be(AddMemberTest.java:30)\n\tat java.base/jdk.internal.reflect.NativeMethodAccessorImpl.invoke0(Native Method)\n\tat java.base/jdk.internal.reflect.NativeMethodAccessorImpl.invoke(NativeMethodAccessorImpl.java:62)\n\tat java.base/jdk.internal.reflect.DelegatingMethodAccessorImpl.invoke(DelegatingMethodAccessorImpl.java:43)\n\tat java.base/java.lang.reflect.Method.invoke(Method.java:566)\n\tat org.junit.platform.commons.util.ReflectionUtils.invokeMethod(ReflectionUtils.java:727)\n\tat org.junit.jupiter.engine.execution.MethodInvocation.proceed(MethodInvocation.java:60)\n\tat org.junit.jupiter.engine.execution.InvocationInterceptorChain$ValidatingInvocation.proceed(InvocationInterceptorChain.java:131)\n\tat org.junit.jupiter.engine.extension.TimeoutExtension.intercept(TimeoutExtension.java:156)\n\tat org.junit.jupiter.engine.extension.TimeoutExtension.interceptLifecycleMethod(TimeoutExtension.java:128)\n\tat org.junit.jupiter.engine.extension.TimeoutExtension.interceptBeforeEachMethod(TimeoutExtension.java:78)\n\tat org.junit.jupiter.engine.execution.InterceptingExecutableInvoker$ReflectiveInterceptorCall.lambda$ofVoidMethod$0(InterceptingExecutableInvoker.java:103)\n\tat org.junit.jupiter.engine.execution.InterceptingExecutableInvoker.lambda$invoke$0(InterceptingExecutableInvoker.java:93)\n\tat org.junit.jupiter.engine.execution.InvocationInterceptorChain$InterceptedInvocation.proceed(InvocationInterceptorChain.java:106)\n\tat org.junit.jupiter.engine.execution.InvocationInterceptorChain.proceed(InvocationInterceptorChain.java:64)\n\tat org.junit.jupiter.engine.execution.InvocationInterceptorChain.chainAndInvoke(InvocationInterceptorChain.java:45)\n\tat org.junit.jupiter.engine.execution.InvocationInterceptorChain.invoke(InvocationInterceptorChain.java:37)\n\tat org.junit.jupiter.engine.execution.InterceptingExecutableInvoker.invoke(InterceptingExecutableInvoker.java:92)\n\tat org.junit.jupiter.engine.execution.InterceptingExecutableInvoker.invoke(InterceptingExecutableInvoker.java:86)\n\tat org.junit.jupiter.engine.descriptor.ClassBasedTestDescriptor.invokeMethodInExtensionContext(ClassBasedTestDescriptor.java:520)\n\tat org.junit.jupiter.engine.descriptor.ClassBasedTestDescriptor.lambda$synthesizeBeforeEachMethodAdapter$23(ClassBasedTestDescriptor.java:505)\n\tat org.junit.jupiter.engine.descriptor.TestMethodTestDescriptor.lambda$invokeBeforeEachMethods$3(TestMethodTestDescriptor.java:174)\n\tat org.junit.jupiter.engine.descriptor.TestMethodTestDescriptor.lambda$invokeBeforeMethodsOrCallbacksUntilExceptionOccurs$6(TestMethodTestDescriptor.java:202)\n\tat org.junit.platform.engine.support.hierarchical.ThrowableCollector.execute(ThrowableCollector.java:73)\n\tat org.junit.jupiter.engine.descriptor.TestMethodTestDescriptor.invokeBeforeMethodsOrCallbacksUntilExceptionOccurs(TestMethodTestDescriptor.java:202)\n\tat org.junit.jupiter.engine.descriptor.TestMethodTestDescriptor.invokeBeforeEachMethods(TestMethodTestDescriptor.java:171)\n\tat org.junit.jupiter.engine.descriptor.TestMethodTestDescriptor.execute(TestMethodTestDescriptor.java:134)\n\tat org.junit.jupiter.engine.descriptor.TestMethodTestDescriptor.execute(TestMethodTestDescriptor.java:68)\n\tat org.junit.platform.engine.support.hierarchical.NodeTestTask.lambda$executeRecursively$6(NodeTestTask.java:151)\n\tat org.junit.platform.engine.support.hierarchical.ThrowableCollector.execute(ThrowableCollector.java:73)\n\tat org.junit.platform.engine.support.hierarchical.NodeTestTask.lambda$executeRecursively$8(NodeTestTask.java:141)\n\tat org.junit.platform.engine.support.hierarchical.Node.around(Node.java:137)\n\tat org.junit.platform.engine.support.hierarchical.NodeTestTask.lambda$executeRecursively$9(NodeTestTask.java:139)\n\tat org.junit.platform.engine.support.hierarchical.ThrowableCollector.execute(ThrowableCollector.java:73)\n\tat org.junit.platform.engine.support.hierarchical.NodeTestTask.executeRecursively(NodeTestTask.java:138)\n\tat org.junit.platform.engine.support.hierarchical.NodeTestTask.execute(NodeTestTask.java:95)\n\tat java.base/java.util.ArrayList.forEach(ArrayList.java:1541)\n\tat org.junit.platform.engine.support.hierarchical.SameThreadHierarchicalTestExecutorService.invokeAll(SameThreadHierarchicalTestExecutorService.java:41)\n\tat org.junit.platform.engine.support.hierarchical.NodeTestTask.lambda$executeRecursively$6(NodeTestTask.java:155)\n\tat org.junit.platform.engine.support.hierarchical.ThrowableCollector.execute(ThrowableCollector.java:73)\n\tat org.junit.platform.engine.support.hierarchical.NodeTestTask.lambda$executeRecursively$8(NodeTestTask.java:141)\n\tat org.junit.platform.engine.support.hierarchical.Node.around(Node.java:137)\n\tat org.junit.platform.engine.support.hierarchical.NodeTestTask.lambda$executeRecursively$9(NodeTestTask.java:139)\n\tat org.junit.platform.engine.support.hierarchical.ThrowableCollector.execute(ThrowableCollector.java:73)\n\tat org.junit.platform.engine.support.hierarchical.NodeTestTask.executeRecursively(NodeTestTask.java:138)\n\tat org.junit.platform.engine.support.hierarchical.NodeTestTask.execute(NodeTestTask.java:95)\n\tat java.base/java.util.ArrayList.forEach(ArrayList.java:1541)\n\tat org.junit.platform.engine.support.hierarchical.SameThreadHierarchicalTestExecutorService.invokeAll(SameThreadHierarchicalTestExecutorService.java:41)\n\tat org.junit.platform.engine.support.hierarchical.NodeTestTask.lambda$executeRecursively$6(NodeTestTask.java:155)\n\tat org.junit.platform.engine.support.hierarchical.ThrowableCollector.execute(ThrowableCollector.java:73)\n\tat org.junit.platform.engine.support.hierarchical.NodeTestTask.lambda$executeRecursively$8(NodeTestTask.java:141)\n\tat org.junit.platform.engine.support.hierarchical.Node.around(Node.java:137)\n\tat org.junit.platform.engine.support.hierarchical.NodeTestTask.lambda$executeRecursively$9(NodeTestTask.java:139)\n\tat org.junit.platform.engine.support.hierarchical.ThrowableCollector.execute(ThrowableCollector.java:73)\n\tat org.junit.platform.engine.support.hierarchical.NodeTestTask.executeRecursively(NodeTestTask.java:138)\n\tat org.junit.platform.engine.support.hierarchical.NodeTestTask.execute(NodeTestTask.java:95)\n\tat org.junit.platform.engine.support.hierarchical.SameThreadHierarchicalTestExecutorService.submit(SameThreadHierarchicalTestExecutorService.java:35)\n\tat org.junit.platform.engine.support.hierarchical.HierarchicalTestExecutor.execute(HierarchicalTestExecutor.java:57)\n\tat org.junit.platform.engine.support.hierarchical.HierarchicalTestEngine.execute(HierarchicalTestEngine.java:54)\n\tat org.junit.platform.launcher.core.EngineExecutionOrchestrator.execute(EngineExecutionOrchestrator.java:147)\n\tat org.junit.platform.launcher.core.EngineExecutionOrchestrator.execute(EngineExecutionOrchestrator.java:127)\n\tat org.junit.platform.launcher.core.EngineExecutionOrchestrator.execute(EngineExecutionOrchestrator.java:90)\n\tat org.junit.platform.launcher.core.EngineExecutionOrchestrator.execute(EngineExecutionOrchestrator.java:73)\n\tat org.junit.platform.suite.engine.SuiteLauncher.execute(SuiteLauncher.java:63)\n\tat org.junit.platform.suite.engine.SuiteTestDescriptor.execute(SuiteTestDescriptor.java:128)\n\tat org.junit.platform.suite.engine.SuiteTestEngine.lambda$execute$0(SuiteTestEngine.java:73)\n\tat java.base/java.util.stream.ForEachOps$ForEachOp$OfRef.accept(ForEachOps.java:183)\n\tat java.base/java.util.stream.ReferencePipeline$3$1.accept(ReferencePipeline.java:195)\n\tat java.base/java.util.Iterator.forEachRemaining(Iterator.java:133)\n\tat java.base/java.util.Spliterators$IteratorSpliterator.forEachRemaining(Spliterators.java:1801)\n\tat java.base/java.util.stream.AbstractPipeline.copyInto(AbstractPipeline.java:484)\n\tat java.base/java.util.stream.AbstractPipeline.wrapAndCopyInto(AbstractPipeline.java:474)\n\tat java.base/java.util.stream.ForEachOps$ForEachOp.evaluateSequential(ForEachOps.java:150)\n\tat java.base/java.util.stream.ForEachOps$ForEachOp$OfRef.evaluateSequential(ForEachOps.java:173)\n\tat java.base/java.util.stream.AbstractPipeline.evaluate(AbstractPipeline.java:234)\n\tat java.base/java.util.stream.ReferencePipeline.forEach(ReferencePipeline.java:497)\n\tat org.junit.platform.suite.engine.SuiteTestEngine.execute(SuiteTestEngine.java:73)\n\tat org.junit.platform.launcher.core.EngineExecutionOrchestrator.execute(EngineExecutionOrchestrator.java:147)\n\tat org.junit.platform.launcher.core.EngineExecutionOrchestrator.execute(EngineExecutionOrchestrator.java:127)\n\tat org.junit.platform.launcher.core.EngineExecutionOrchestrator.execute(EngineExecutionOrchestrator.java:90)\n\tat org.junit.platform.launcher.core.EngineExecutionOrchestrator.lambda$execute$0(EngineExecutionOrchestrator.java:55)\n\tat org.junit.platform.launcher.core.EngineExecutionOrchestrator.withInterceptedStreams(EngineExecutionOrchestrator.java:102)\n\tat org.junit.platform.launcher.core.EngineExecutionOrchestrator.execute(EngineExecutionOrchestrator.java:54)\n\tat org.junit.platform.launcher.core.DefaultLauncher.execute(DefaultLauncher.java:114)\n\tat org.junit.platform.launcher.core.DefaultLauncher.execute(DefaultLauncher.java:86)\n\tat org.junit.platform.launcher.core.DefaultLauncherSession$DelegatingLauncher.execute(DefaultLauncherSession.java:86)\n\tat org.apache.maven.surefire.junitplatform.LazyLauncher.execute(LazyLauncher.java:50)\n\tat org.apache.maven.surefire.junitplatform.JUnitPlatformProvider.execute(JUnitPlatformProvider.java:184)\n\tat org.apache.maven.surefire.junitplatform.JUnitPlatformProvider.invokeAllTests(JUnitPlatformProvider.java:148)\n\tat org.apache.maven.surefire.junitplatform.JUnitPlatformProvider.invoke(JUnitPlatformProvider.java:122)\n\tat org.apache.maven.surefire.booter.ForkedBooter.runSuitesInProcess(ForkedBooter.java:385)\n\tat org.apache.maven.surefire.booter.ForkedBooter.execute(ForkedBooter.java:162)\n\tat org.apache.maven.surefire.booter.ForkedBooter.run(ForkedBooter.java:507)\n\tat org.apache.maven.surefire.booter.ForkedBooter.main(ForkedBooter.java:495)\n"},"stage":"finished","steps":[],"attachments":[],"parameters":[{"name":"by","value":"By.cssSelector: [text=\"添加成员\"]"},{"name":"flag","value":"true"}],"start":1685236586011,"stop":1685236606158},{"name":"元素定位：By.cssSelector: [text=\"添加成员\"]","status":"passed","stage":"finished","steps":[],"attachments":[{"name":"By.cssSelector: [text=\"添加成员\"]","source":"321e8821-cfe7-4656-8b0a-8cad7fcd6f31-attachment.png","type":"image/png"}],"parameters":[{"name":"by","value":"By.cssSelector: [text=\"添加成员\"]"},{"name":"flag","value":"true"}],"start":1685236607227,"stop":1685236607755},{"name":"元素定位：By.cssSelector: [text=\"添加成员\"]","status":"passed","stage":"finished","steps":[],"attachments":[{"name":"By.cssSelector: [text=\"添加成员\"]","source":"d2f79d99-fb33-44a7-a94b-bc32e596f2ea-attachment.png","type":"image/png"}],"parameters":[{"name":"by","value":"By.cssSelector: [text=\"添加成员\"]"},{"name":"flag","value":"true"}],"start":1685236607756,"stop":1685236608280}],"attachments":[],"parameters":[],"start":1685236543556,"stop":1685236609661},{"name":"手动输入添加成员","status":"passed","stage":"finished","steps":[{"name":"元素定位：AppiumBy.androidUIAutomator: new UiSelector().text(\"手动输入添加\")","status":"passed","stage":"finished","steps":[],"attachments":[{"name":"AppiumBy.androidUIAutomator: new UiSelector().text(\"手动输入添加\")","source":"3893b908-de7e-466c-8e2f-2e20caa3ac07-attachment.png","type":"image/png"}],"parameters":[{"name":"by","value":"AppiumBy.androidUIAutomator: new UiSelector().text(\"手动输入添加\")"},{"name":"flag","value":"true"}],"start":1685236609808,"stop":1685236610272},{"name":"元素定位：AppiumBy.className: android.widget.EditText","status":"passed","stage":"finished","steps":[],"attachments":[{"name":"AppiumBy.className: android.widget.EditText","source":"5456a33a-7ba0-46fb-b914-92c1ec582800-attachment.png","type":"image/png"}],"parameters":[{"name":"by","value":"AppiumBy.className: android.widget.EditText"},{"name":"flag","value":"true"}],"start":1685236610310,"stop":1685236611696},{"name":"元素定位：AppiumBy.androidUIAutomator: new UiSelector().text(\"保存\")","status":"passed","stage":"finished","steps":[],"attachments":[{"name":"AppiumBy.androidUIAutomator: new UiSelector().text(\"保存\")","source":"8b1d776d-2566-40dc-b074-4ba1ce537147-attachment.png","type":"image/png"}],"parameters":[{"name":"by","value":"AppiumBy.androidUIAutomator: new UiSelector().text(\"保存\")"},{"name":"flag","value":"true"}],"start":1685236613800,"stop":1685236614775},{"name":"元素定位：By.xpath: //*[@class=\"android.widget.Toast\"]","status":"passed","stage":"finished","steps":[],"attachments":[],"parameters":[{"name":"by","value":"By.xpath: //*[@class=\"android.widget.Toast\"]"},{"name":"flag","value":"false"}],"start":1685236617022,"stop":1685236617075}],"attachments":[],"parameters":[{"name":"name","value":"高越泽"},{"name":"phone","value":"13670362061"}],"start":1685236609805,"stop":1685236617144},{"name":"返回到通讯录页面","status":"passed","stage":"finished","steps":[],"attachments":[],"parameters":[],"start":1685236617145,"stop":1685236620081},{"name":"跳转到搜索页面","status":"passed","stage":"finished","steps":[],"attachments":[],"parameters":[],"start":1685236620081,"stop":1685236621462},{"name":"输入用户名，跳转到搜索结果页面","status":"passed","stage":"finished","steps":[{"name":"元素定位：AppiumBy.androidUIAutomator: new UiSelector().text(\"搜索\")","status":"passed","stage":"finished","steps":[],"attachments":[{"name":"AppiumBy.androidUIAutomator: new UiSelector().text(\"搜索\")","source":"0fb3568a-2f7a-4a7a-accf-c9272659d400-attachment.png","type":"image/png"}],"parameters":[{"name":"by","value":"AppiumBy.androidUIAutomator: new UiSelector().text(\"搜索\")"},{"name":"flag","value":"true"}],"start":1685236621463,"stop":1685236621988}],"attachments":[],"parameters":[{"name":"name","value":"高越泽"}],"start":1685236621463,"stop":1685236624936},{"name":"跳转到个人信息页面","status":"passed","stage":"finished","steps":[{"name":"元素定位：By.xpath: //*[@text=\"联系人\"]/../following-sibling::*//*[@class=\"android.widget.TextView\"]","status":"passed","stage":"finished","steps":[],"attachments":[{"name":"By.xpath: //*[@text=\"联系人\"]/../following-sibling::*//*[@class=\"android.widget.TextView\"]","source":"ddc841a9-08e3-457d-a19f-0b6b98c2881f-attachment.png","type":"image/png"}],"parameters":[{"name":"by","value":"By.xpath: //*[@text=\"联系人\"]/../following-sibling::*//*[@class=\"android.widget.TextView\"]"},{"name":"flag","value":"true"}],"start":1685236624937,"stop":1685236625511}],"attachments":[],"parameters":[],"start":1685236624937,"stop":1685236626547},{"name":"获取当前用户名，手机号存入User实体类","status":"passed","stage":"finished","steps":[{"name":"元素定位：By.xpath: //*[@class=\"android.widget.ImageView\"]/following-sibling::*//*[@class=\"android.widget.TextView\"]","status":"passed","stage":"finished","steps":[],"attachments":[{"name":"By.xpath: //*[@class=\"android.widget.ImageView\"]/following-sibling::*//*[@class=\"android.widget.TextView\"]","source":"fb278c1f-5544-4028-8d9f-efdae4c736d8-attachment.png","type":"image/png"}],"parameters":[{"name":"by","value":"By.xpath: //*[@class=\"android.widget.ImageView\"]/following-sibling::*//*[@class=\"android.widget.TextView\"]"},{"name":"flag","value":"true"}],"start":1685236626547,"stop":1685236627030},{"name":"元素定位：By.xpath: //*[@text=\"手机\"]/following-sibling::*//*[@class=\"android.widget.TextView\"]","status":"passed","stage":"finished","steps":[],"attachments":[{"name":"By.xpath: //*[@text=\"手机\"]/following-sibling::*//*[@class=\"android.widget.TextView\"]","source":"36370b62-33ed-46af-ba76-d60ddfe80984-attachment.png","type":"image/png"}],"parameters":[{"name":"by","value":"By.xpath: //*[@text=\"手机\"]/following-sibling::*//*[@class=\"android.widget.TextView\"]"},{"name":"flag","value":"true"}],"start":1685236627040,"stop":1685236627543}],"attachments":[],"parameters":[],"start":1685236626547,"stop":1685236627552},{"name":"返回到搜索结果页面","status":"passed","stage":"finished","steps":[],"attachments":[],"parameters":[],"start":1685236627560,"stop":1685236629684},{"name":"跳转到搜索页面","status":"passed","stage":"finished","steps":[{"name":"元素定位：AppiumBy.className: android.widget.ImageView","status":"passed","stage":"finished","steps":[],"attachments":[{"name":"AppiumBy.className: android.widget.ImageView","source":"5c930bc4-8c1b-44b3-ae2c-5c21d3a6bda4-attachment.png","type":"image/png"}],"parameters":[{"name":"by","value":"AppiumBy.className: android.widget.ImageView"},{"name":"flag","value":"true"}],"start":1685236629685,"stop":1685236630120}],"attachments":[],"parameters":[],"start":1685236629685,"stop":1685236630778},{"name":"返回通讯录页面","status":"passed","stage":"finished","steps":[],"attachments":[],"parameters":[],"start":1685236630779,"stop":1685236632988}],"attachments":[],"parameters":[],"start":1685236538664,"stop":1685236632988}